<?xml version="1.0" encoding="UTF-8"?>
<testsuite name="tictactoe.TicTacToeTest" tests="3" skipped="0" failures="0" errors="0" timestamp="2016-10-22T15:27:39" hostname="112-GummiSt" time="0.0">
  <properties/>
  <testcase name="testWorld" classname="tictactoe.TicTacToeTest" time="0.0"/>
  <testcase name="testInit" classname="tictactoe.TicTacToeTest" time="0.0"/>
  <testcase name="testPlay" classname="tictactoe.TicTacToeTest" time="0.0"/>
  <system-out><![CDATA[]]></system-out>
  <system-err><![CDATA[]]></system-err>
</testsuite>
