<?xml version="1.0" encoding="UTF-8"?>
<testsuite name="tictactoe.BoardTest" tests="2" skipped="0" failures="0" errors="0" timestamp="2016-10-29T16:57:57" hostname="NYH1016" time="0.011">
  <properties/>
  <testcase name="testWrongIdentifier" classname="tictactoe.BoardTest" time="0.008"/>
  <testcase name="testOccupied" classname="tictactoe.BoardTest" time="0.001"/>
  <system-out><![CDATA[]]></system-out>
  <system-err><![CDATA[]]></system-err>
</testsuite>
