<?xml version="1.0" encoding="UTF-8"?>
<testsuite name="tictactoe.TicTacToeTest" tests="6" skipped="0" failures="0" errors="0" timestamp="2016-10-22T17:48:51" hostname="LAP-IST001579" time="0.016">
  <properties/>
  <testcase name="testWin" classname="tictactoe.TicTacToeTest" time="0.0"/>
  <testcase name="testWorld" classname="tictactoe.TicTacToeTest" time="0.0"/>
  <testcase name="testInit" classname="tictactoe.TicTacToeTest" time="0.0"/>
  <testcase name="testPlay" classname="tictactoe.TicTacToeTest" time="0.0"/>
  <testcase name="testWrongInput" classname="tictactoe.TicTacToeTest" time="0.0"/>
  <testcase name="testInvalidInput" classname="tictactoe.TicTacToeTest" time="0.0"/>
  <system-out><![CDATA[]]></system-out>
  <system-err><![CDATA[]]></system-err>
</testsuite>
