<?xml version="1.0" encoding="UTF-8"?>
<testsuite name="tictactoe.TicTacToeTest" tests="5" skipped="0" failures="0" errors="0" timestamp="2016-10-29T15:19:22" hostname="NYH1016" time="0.003">
  <properties/>
  <testcase name="testWin" classname="tictactoe.TicTacToeTest" time="0.0"/>
  <testcase name="testInit" classname="tictactoe.TicTacToeTest" time="0.0"/>
  <testcase name="testPlay" classname="tictactoe.TicTacToeTest" time="0.0"/>
  <testcase name="testWrongInput" classname="tictactoe.TicTacToeTest" time="0.001"/>
  <testcase name="testInvalidInput" classname="tictactoe.TicTacToeTest" time="0.0"/>
  <system-out><![CDATA[]]></system-out>
  <system-err><![CDATA[]]></system-err>
</testsuite>
