<?xml version="1.0" encoding="UTF-8"?>
<testsuite name="tictactoe.BoardTest" tests="2" skipped="0" failures="0" errors="0" timestamp="2016-10-29T17:56:36" hostname="112-GummiSt" time="0.004">
  <properties/>
  <testcase name="testWrongIdentifier" classname="tictactoe.BoardTest" time="0.003"/>
  <testcase name="testOccupied" classname="tictactoe.BoardTest" time="0.001"/>
  <system-out><![CDATA[]]></system-out>
  <system-err><![CDATA[]]></system-err>
</testsuite>
