<?xml version="1.0" encoding="UTF-8"?>
<testsuite name="tictactoe.TicTacToeTest" tests="5" skipped="0" failures="0" errors="0" timestamp="2016-10-27T21:44:36" hostname="DonDewey" time="0.002">
  <properties/>
  <testcase name="testWin" classname="tictactoe.TicTacToeTest" time="0.0"/>
  <testcase name="testInit" classname="tictactoe.TicTacToeTest" time="0.0"/>
  <testcase name="testPlay" classname="tictactoe.TicTacToeTest" time="0.0"/>
  <testcase name="testWrongInput" classname="tictactoe.TicTacToeTest" time="0.0"/>
  <testcase name="testInvalidInput" classname="tictactoe.TicTacToeTest" time="0.001"/>
  <system-out><![CDATA[]]></system-out>
  <system-err><![CDATA[]]></system-err>
</testsuite>
