<?xml version="1.0" encoding="UTF-8"?>
<testsuite name="tictactoe.TicTacToeTest" tests="1" skipped="0" failures="0" errors="0" timestamp="2016-10-19T14:58:03" hostname="BL-gautur" time="0.001">
  <properties/>
  <testcase name="testWorld" classname="tictactoe.TicTacToeTest" time="0.001"/>
  <system-out><![CDATA[]]></system-out>
  <system-err><![CDATA[]]></system-err>
</testsuite>
